╔══════════════════════════════════════════════════════════════╗
║              PoF Harness — Autonomous Game Builder          ║
╚══════════════════════════════════════════════════════════════╝

  Project:     PoF-UI
  Path:        C:/Users/kazda/kiro/pof
  UE Version:  5.7.3
  State:       C:\Users\kazda\kiro\pof\.harness-ui
  Max Iter:    100
  Target:      90% pass rate
  Timeout:     30 min per session
  Concurrent:  4 sessions
  Scenario:    ui-overhaul

  Loading UI Overhaul scenario:
    Phase 0 — Infrastructure:    9 areas
    Phase 1 — Feature Metrics:   15 areas
    Phase 2 — Scaling:           14 areas
    Phase 3 — Flow Redesign:     7 areas
    Phase 4 — Visual Polish:     12 areas
    Phase 5 — Integration:       4 areas
    Total:                       61 areas

[08:58:58] LEARNED — Starting dev server for visual gate...
[08:58:58] STARTED — 61 areas, 197 features
[08:58:58] PLANNING — iteration 1
[08:58:58] EXECUTING — infra-entity-selector-a (iter 1)
[08:58:58] EXECUTING — infra-feature-cards-a (iter 1)
[08:58:58] EXECUTING — infra-design-tokens-a (iter 1)
[08:58:58] EXECUTING — infra-metadata-schema-a (iter 1)
[09:00:44] VERIFYING — infra-feature-cards-a
[09:01:15] VERIFYING — infra-entity-selector-a
[09:01:38] LEARNED — Button elements default to cursor:default — always add cursor-pointer for clickable cards; setAll and setMany should both check for no-op to avoid unnecessary re-renders and localStorage writes; Tailwind scale transforms with hover/active give tactile feedback without needing framer-motion
[09:01:38] GUIDE — Phase 1: Feature Map Card System (Part 1)
[09:01:38] ✓ COMPLETED — infra-feature-cards-a
[09:01:38] PROGRESS — 4/197 (2%)
[09:01:38] EXECUTING — infra-feature-cards-b (iter 1)
[09:02:12] LEARNED — Existing implementation was high quality — only needed minor cleanup (redundant array copy, missing keyboard hint). Binary search + overscan virtual scroll pattern handles 100+ items well.
[09:02:12] GUIDE — Phase 2: Scalable Entity Selector (Part 1)
[09:02:12] ✓ COMPLETED — infra-entity-selector-a
[09:02:12] PROGRESS — 7/197 (4%)
[09:02:12] EXECUTING — infra-entity-selector-b (iter 1)
[09:02:54] VERIFYING — infra-metadata-schema-a
[09:03:48] LEARNED — ZoneMap ZONES array already has rich data (id, name, type, levelMin/Max, status) making EntityMetadata derivation straightforward; ItemCatalog DUMMY_ITEMS.map() pattern is cleanest for deriving metadata from existing domain objects; All 14 enemy IDs in ARCHETYPES already had area mappings — no coverage gap existed; groupEntities handles numeric fields by String() coercion — works for display but Phase 2 may need range-based grouping for level fields
[09:03:48] ✗ FAILED — infra-metadata-schema-a: Features: 2/4 (need 90%). Gates: 0 required failures
[09:03:48] PROGRESS — 9/197 (5%)
[09:03:48] EXECUTING — infra-metadata-schema-a (iter 1)
[09:04:37] VERIFYING — infra-entity-selector-b
[09:05:35] LEARNED — Redundant data structures (navigableSet vs navigableIndexMap) add allocation cost for zero benefit — Map.has() serves both index lookup and membership testing. Building auxiliary index maps alongside existing offset computation loops adds O(1) lookups at zero extra pass cost.
[09:05:35] GUIDE — Phase 3: Scalable Entity Selector (Part 2)
[09:05:35] ✓ COMPLETED — infra-entity-selector-b
[09:05:35] PROGRESS — 12/197 (6%)
[09:05:35] EXECUTING — infra-entity-selector-c (iter 1)
[09:06:34] VERIFYING — infra-metadata-schema-a
[09:06:56] VERIFYING — infra-feature-cards-b
[09:07:30] LEARNED — ITEM_METADATA affix category tags needed Set deduplication — items with multiple affixes of the same category (e.g. two 'offensive') produced duplicate tags; LOOT_ENTRY_METADATA had category=rarity and tier=rarity — redundant fields. Added lootCategory() helper to infer Weapon/Consumable/Armor/Accessory from item name patterns
[09:07:30] ✗ FAILED — infra-metadata-schema-a: Features: 3/4 (need 90%). Gates: 0 required failures
[09:07:30] PROGRESS — 13/197 (7%)
[09:07:30] EXECUTING — infra-metadata-schema-a (iter 1)
[09:07:53] LEARNED — React 19 ESLint plugin flags setState-in-useEffect (react-hooks/set-state-in-effect) and ref access during render (react-hooks/refs) — use the state-based previous value comparison pattern instead; MiniBtn (button elements in general) need explicit cursor-pointer class even when they have onClick handlers
[09:07:53] GUIDE — Phase 4: Feature Map Card System (Part 2)
[09:07:53] ✓ COMPLETED — infra-feature-cards-b
[09:07:53] PROGRESS — 17/197 (9%)
[09:07:53] EXECUTING — ui-character-feature-metrics-a (iter 1)
[09:08:56] VERIFYING — infra-entity-selector-c
[09:09:46] LEARNED — Home/End/Ctrl+A keyboard handlers on modal wrappers must check if event target is an INPUT — otherwise they steal cursor-movement and text-selection keys from the search field. Same pattern as the existing Space key guard.
[09:09:46] GUIDE — Phase 5: Scalable Entity Selector (Part 3)
[09:09:46] ✓ COMPLETED — infra-entity-selector-c
[09:09:46] PROGRESS — 19/197 (10%)
[09:09:46] EXECUTING — ui-animation-feature-metrics-a (iter 1)
[09:10:26] VERIFYING — ui-character-feature-metrics-a
[09:10:54] VERIFYING — infra-metadata-schema-a
[09:11:20] LEARNED — CharacterBlueprint metrics were already fully implemented with all 13 section IDs mapped — no gaps found; DODGE_TRAJECTORIES contains SVG path data not numeric distances — hardcoded dodge distance is the correct approach
[09:11:20] GUIDE — Phase 6: Character Blueprint Feature Metrics (Part 1)
[09:11:20] ✓ COMPLETED — ui-character-feature-metrics-a
[09:11:20] PROGRESS — 23/197 (12%)
[09:11:20] EXECUTING — ui-character-feature-metrics-b (iter 1)
[09:11:50] VERIFYING — ui-animation-feature-metrics-a
[09:11:51] LEARNED — LOOT_GROUPINGS preset was missing despite LOOT_ENTRY_METADATA existing — every metadata domain should have a corresponding grouping preset for ScalableSelector integration; CHARACTER_METADATA needed tier field (Hero/Elite/Standard) to match the field coverage pattern of other metadata domains; lootSubcategory() regex helper mirrors lootCategory() pattern — infers weapon subtype (Sword/Bow/Staff) and consumable type (Healing/Buff/Utility) from entry names
[09:11:51] ✗ FAILED — infra-metadata-schema-a: Features: 3/4 (need 90%). Gates: 0 required failures
[09:11:51] ✓ COMPLETED — infra-metadata-schema-a
[09:11:51] LEARNED — Area infra-metadata-schema-a promoted after 3 retries — dependents unblocked
[09:11:51] PROGRESS — 23/197 (12%)
[09:11:51] EXECUTING — infra-metadata-schema-b (iter 1)
[09:12:40] LEARNED — Existing AnimationStateGraph metrics implementation was already high quality — all 10 metrics correctly derive data from data.ts, use consistent styling patterns, and compute constants at module scope to avoid re-renders. PlayrateMetric has a smart fallback that shows blend-in time range when all montages share the same fps.
[09:12:40] GUIDE — Phase 7: Animation State Graph Feature Metrics (Part 1)
[09:12:40] ✓ COMPLETED — ui-animation-feature-metrics-a
[09:12:40] PROGRESS — 27/197 (14%)
[09:12:40] EXECUTING — ui-animation-feature-metrics-b (iter 1)
[09:13:10] VERIFYING — ui-character-feature-metrics-b
[09:13:49] VERIFYING — ui-animation-feature-metrics-b
[09:13:58] LEARNED — CharacterBlueprint metrics were already fully implemented with all 13 section IDs mapped — no gaps found
[09:13:58] GUIDE — Phase 8: Character Blueprint Feature Metrics (Part 2)
[09:13:58] ✓ COMPLETED — ui-character-feature-metrics-b
[09:13:58] PROGRESS — 31/197 (16%)
[09:13:58] EXECUTING — ui-character-feature-metrics-c (iter 1)
[09:14:46] LEARNED — Existing AnimationStateGraph metrics implementation was already high quality — all 10 metrics correctly derive data from data.ts, use consistent styling patterns, and compute constants at module scope to avoid re-renders. PlayrateMetric has a smart fallback that shows blend-in time range when all montages share the same fps.
[09:14:46] GUIDE — Phase 9: Animation State Graph Feature Metrics (Part 2)
[09:14:46] ✓ COMPLETED — ui-animation-feature-metrics-b
[09:14:46] PROGRESS — 35/197 (18%)
[09:14:46] EXECUTING — ui-gas-feature-metrics-a (iter 1)
[09:15:02] VERIFYING — infra-design-tokens-a
[09:15:15] VERIFYING — infra-metadata-schema-b
[09:15:36] VERIFYING — ui-character-feature-metrics-c
[09:15:56] LEARNED — rgba(255,255,255,...) was the dominant hardcoded pattern (216 occurrences) — 8-digit hex values were already cleaned up in a prior pass; New OPACITY_2/3/4/6/40 constants needed for exact mapping of common rgba sub-10% and 40% values; rgba(0,0,0,...) dark shadows and specific accent colors (168,85,247 purple, 6,182,212 cyan) have no semantic token — correctly left as-is; SVG stroke/fill attributes accept both rgba() and #RRGGBBAA formats — withOpacity() works for both; Tailwind arbitrary values like fill-[rgba(...)] must use hex+alpha format since they can't call JS functions
[09:15:56] GUIDE — Phase 10: Design Token Standardization (Part 1)
[09:15:56] ✓ COMPLETED — infra-design-tokens-a
[09:15:56] PROGRESS — 38/197 (19%)
[09:15:56] EXECUTING — infra-design-tokens-b (iter 1)
[09:16:17] LEARNED — ABILITY_METADATA was producing a meaningless 'none' tag when damageType was 'None' — always filter sentinel values before lowercasing into tags; LOOT_ENTRY_METADATA tags were too sparse (rarity only) — category and subcategory should always appear as tags for consistent filterability across domains; ZONE_METADATA had area=z.name duplicating the name field — zones ARE areas, so area field is redundant; added z.group tag instead for topology grouping; groupEntities must check for 'Ungrouped' key BEFORE consulting the order index, otherwise 'Ungrouped' gets Infinity and sorts alphabetically among other overflow groups instead of always being last
[09:16:17] GUIDE — Phase 11: Entity Metadata Schema (Part 2)
[09:16:17] ✓ COMPLETED — infra-metadata-schema-b
[09:16:17] PROGRESS — 41/197 (21%)
[09:16:17] EXECUTING — ui-combat-feature-metrics-a (iter 1)
[09:16:41] LEARNED — CharacterBlueprint metrics were already fully implemented with all 13 section IDs mapped — no gaps found
[09:16:41] GUIDE — Phase 12: Character Blueprint Feature Metrics (Part 3)
[09:16:41] ✓ COMPLETED — ui-character-feature-metrics-c
[09:16:41] PROGRESS — 44/197 (22%)
[09:16:41] EXECUTING — ui-bestiary-feature-metrics-a (iter 1)
[09:16:44] VERIFYING — ui-gas-feature-metrics-a
[09:17:31] LEARNED — Existing GAS Feature Metrics implementation was already complete and high quality — all 9 section IDs mapped with correct formats, proper chart-colors usage, and optimized single-pass useMemo computation
[09:17:31] ✗ FAILED — ui-gas-feature-metrics-a: Features: 1/4 (need 90%). Gates: 0 required failures
[09:17:31] PROGRESS — 45/197 (23%)
[09:17:31] EXECUTING — ui-gas-feature-metrics-a (iter 1)
[09:18:11] VERIFYING — ui-combat-feature-metrics-a
[09:18:58] LEARNED — All 9 Combat Action Map metrics were already fully implemented with correct data derivation, module-scope computation, and consistent styling — no modifications needed
[09:18:58] GUIDE — Phase 13: Combat Action Map Feature Metrics (Part 1)
[09:18:58] ✓ COMPLETED — ui-combat-feature-metrics-a
[09:18:58] PROGRESS — 49/197 (25%)
[09:18:58] EXECUTING — ui-combat-feature-metrics-b (iter 1)
[09:19:28] VERIFYING — ui-bestiary-feature-metrics-a
[09:20:02] VERIFYING — ui-combat-feature-metrics-b
[09:20:19] LEARNED — All 9 Enemy Bestiary feature metrics were already implemented and high quality — only ModifiersMetric had a bug counting modifiers-with-excludes instead of total exclusion entries
[09:20:19] GUIDE — Phase 14: Enemy Bestiary Feature Metrics (Part 1)
[09:20:19] ✓ COMPLETED — ui-bestiary-feature-metrics-a
[09:20:19] PROGRESS — 53/197 (27%)
[09:20:19] EXECUTING — ui-bestiary-feature-metrics-b (iter 1)
[09:20:19] VERIFYING — ui-gas-feature-metrics-a
[09:21:00] LEARNED — All 9 Combat Action Map metrics were already fully implemented with correct data derivation, module-scope computation, and consistent styling — no modifications needed
[09:21:00] GUIDE — Phase 15: Combat Action Map Feature Metrics (Part 2)
[09:21:00] ✓ COMPLETED — ui-combat-feature-metrics-b
[09:21:00] PROGRESS — 56/197 (28%)
[09:21:00] EXECUTING — ui-items-feature-metrics-a (iter 1)
[09:21:17] LEARNED — Existing GAS Feature Metrics implementation was already complete and high quality — all 9 section IDs mapped with correct formats, proper chart-colors usage, and optimized single-pass useMemo computation
[09:21:17] ✗ FAILED — ui-gas-feature-metrics-a: Features: 1/4 (need 90%). Gates: 0 required failures
[09:21:17] PROGRESS — 56/197 (28%)
[09:21:17] EXECUTING — ui-gas-feature-metrics-a (iter 1)
[09:21:49] VERIFYING — ui-bestiary-feature-metrics-b
[09:22:38] LEARNED — All 9 Enemy Bestiary feature metrics were already fully implemented with correct data derivation, module-scope computation, chart-colors usage, and consistent styling — no modifications needed in Part 2
[09:22:38] GUIDE — Phase 16: Enemy Bestiary Feature Metrics (Part 2)
[09:22:38] ✓ COMPLETED — ui-bestiary-feature-metrics-b
[09:22:38] PROGRESS — 60/197 (30%)
[09:22:38] EXECUTING — ui-loot-feature-metrics-a (iter 1)
[09:23:09] VERIFYING — ui-items-feature-metrics-a
[09:23:43] VERIFYING — ui-gas-feature-metrics-a
[09:23:59] LEARNED — StatsMetric BAR_W formula Math.max(W/n - 1, 2) overflows when n*3 > W — use (W - n + 1)/n to ensure bars fit within SVG viewBox regardless of item count
[09:23:59] GUIDE — Phase 17: Item Catalog Feature Metrics (Part 1)
[09:23:59] ✓ COMPLETED — ui-items-feature-metrics-a
[09:23:59] PROGRESS — 64/197 (32%)
[09:23:59] EXECUTING — ui-items-feature-metrics-b (iter 1)
[09:24:40] LEARNED — Existing GAS Feature Metrics implementation was already complete and high quality — all 9 section IDs mapped with correct formats, proper chart-colors usage, and optimized single-pass useMemo computation
[09:24:40] ✗ FAILED — ui-gas-feature-metrics-a: Features: 1/4 (need 90%). Gates: 0 required failures
[09:24:40] ✓ COMPLETED — ui-gas-feature-metrics-a
[09:24:40] LEARNED — Area ui-gas-feature-metrics-a promoted after 3 retries — dependents unblocked
[09:24:40] PROGRESS — 64/197 (32%)
[09:24:40] EXECUTING — ui-gas-feature-metrics-b (iter 1)
[09:24:52] VERIFYING — infra-design-tokens-b
[09:24:53] VERIFYING — ui-loot-feature-metrics-a
[09:25:18] VERIFYING — ui-items-feature-metrics-b
[09:25:53] LEARNED — Tailwind arbitrary fill-[#RRGGBBAA] on SVG elements converts cleanly to inline fill={withOpacity()} attr — preserves className for font/size utilities while using design tokens for color; Tailwind gradient hex classes (from-[#hex]/via-[#hex]) must convert to inline style={{ background: 'linear-gradient(...)' }} since they can't call JS functions — remove the gradient utility classes entirely; 0 0 4px and 0 0 8px were the two most common inline glow radii (~25 combined occurrences) — 0 0 6px (20+ occurrences) has no exact GLOW constant and was correctly left untouched to preserve visual appearance
[09:25:53] GUIDE — Phase 18: Design Token Standardization (Part 2)
[09:25:53] ✓ COMPLETED — infra-design-tokens-b
[09:25:53] PROGRESS — 67/197 (34%)
[09:25:53] EXECUTING — ui-character-scaling-a (iter 1)
[09:25:54] LEARNED — All 11 Loot Table Visualizer feature metrics were already fully implemented with correct data derivation, module-scope computation, pre-computed IIFEs for mutable accumulation, and consistent styling — only HistogramMetric had an inconsistent color using RARITY_TIERS[0].color instead of ACCENT for its count text
[09:25:54] ✗ FAILED — ui-loot-feature-metrics-a: Features: 1/4 (need 90%). Gates: 0 required failures
[09:25:54] PROGRESS — 68/197 (35%)
[09:25:54] EXECUTING — ui-loot-feature-metrics-a (iter 1)
[09:26:22] LEARNED — All 7 Item Catalog metrics were already fully implemented with correct data derivation, module-scope computation, chart-colors usage, overflow-safe bar chart, and consistent styling — no modifications needed in Part 2
[09:26:22] GUIDE — Phase 19: Item Catalog Feature Metrics (Part 2)
[09:26:22] ✓ COMPLETED — ui-items-feature-metrics-b
[09:26:22] PROGRESS — 71/197 (36%)
[09:26:22] EXECUTING — ui-animation-scaling-a (iter 1)
[09:27:29] VERIFYING — ui-loot-feature-metrics-a
[09:27:46] VERIFYING — ui-gas-feature-metrics-b
[09:28:17] LEARNED — All 11 Loot Table Visualizer feature metrics were already fully implemented with correct data derivation, module-scope computation, pre-computed IIFEs for mutable accumulation, and consistent styling — no modifications needed
[09:28:17] ✗ FAILED — ui-loot-feature-metrics-a: Features: 1/4 (need 90%). Gates: 0 required failures
[09:28:17] PROGRESS — 71/197 (36%)
[09:28:17] EXECUTING — ui-loot-feature-metrics-a (iter 1)
[09:28:41] LEARNED — Existing GAS Feature Metrics implementation was already complete and high quality — all 9 section IDs mapped with correct formats, proper chart-colors usage, and optimized single-pass useMemo computation
[09:28:41] GUIDE — Phase 20: Ability Spellbook Feature Metrics (Part 2)
[09:28:41] ✓ COMPLETED — ui-gas-feature-metrics-b
[09:28:41] PROGRESS — 75/197 (38%)
[09:28:41] EXECUTING — ui-gas-scaling-a (iter 1)
[09:29:35] VERIFYING — ui-loot-feature-metrics-a
[09:30:22] LEARNED — All 11 Loot Table Visualizer feature metrics were already fully implemented with correct data derivation, module-scope computation, pre-computed IIFEs for mutable accumulation, and consistent styling — no modifications needed
[09:30:22] ✗ FAILED — ui-loot-feature-metrics-a: Features: 1/4 (need 90%). Gates: 0 required failures
[09:30:22] ✓ COMPLETED — ui-loot-feature-metrics-a
[09:30:22] LEARNED — Area ui-loot-feature-metrics-a promoted after 3 retries — dependents unblocked
[09:30:22] PROGRESS — 75/197 (38%)
[09:30:22] EXECUTING — ui-loot-feature-metrics-b (iter 1)
[09:31:40] VERIFYING — ui-loot-feature-metrics-b
[09:32:28] LEARNED — Self-healing: attempting to fix 6 gate errors for ui-loot-feature-metrics-b
[09:32:36] LEARNED — All 11 Loot Table Visualizer feature metrics were already fully implemented with correct data derivation, module-scope computation, pre-computed IIFEs for mutable accumulation, and consistent styling — no modifications needed
[09:32:36] ✗ FAILED — ui-loot-feature-metrics-b: Features: 3/3 (need 90%). Gates: 1 required failures
[09:32:36] PROGRESS — 78/197 (40%)
[09:32:36] EXECUTING — ui-loot-feature-metrics-b (iter 1)
[09:34:34] VERIFYING — ui-loot-feature-metrics-b
[09:35:23] LEARNED — All 11 Loot Table Visualizer feature metrics were already fully implemented with correct data derivation, module-scope computation, pre-computed IIFEs for mutable accumulation, and consistent styling — no modifications needed
[09:35:23] GUIDE — Phase 21: Loot Table Feature Metrics (Part 2)
[09:35:23] ✓ COMPLETED — ui-loot-feature-metrics-b
[09:35:23] PROGRESS — 78/197 (40%)
[09:35:23] EXECUTING — ui-combat-scaling-a (iter 1)
[09:36:02] VERIFYING — ui-animation-scaling-a
[09:36:50] LEARNED — ScalableSelector SelectorItem requires index signature — use intersection type (SelectorItem & { ...fields }) rather than interface extends to satisfy the constraint; STATE_NODES and AnimStateName are separate concerns — STATE_NODES defines the full state graph for browsing, AnimStateName covers only combat-critical states for responsiveness analysis; Virtual scroll with absolute positioning + flat row list (headers + items) is simpler than nested virtual lists — single scrollTop drives all row positions; Pre-computing category aggregates (MONTAGE_CATEGORY_COUNTS, MONTAGE_CATEGORY_MEMORY) at module scope avoids redundant computation in React renders
[09:36:50] GUIDE — Phase 22: Animation State Graph Scaling (Part 1)
[09:36:50] ✓ COMPLETED — ui-animation-scaling-a
[09:36:50] PROGRESS — 81/197 (41%)
[09:36:50] EXECUTING — ui-animation-scaling-b (iter 1)
[09:40:12] VERIFYING — ui-animation-scaling-b
[09:40:21] VERIFYING — ui-gas-scaling-a
[09:41:04] LEARNED — ComboChainPanel nodes had hardcoded x positions (500, 600, 700) that overflowed the 400px SVG viewBox — dynamic layout with sequential positioning and computed viewBox width is needed when node count can grow; SVG marker IDs should be shared (single <defs>) rather than duplicated per-edge to avoid ID collision and redundant DOM nodes; React 19 flags setScrubberPlaying inside setScrubberFrame updater — use a ref to signal the stop condition and call the second setState outside the updater; BudgetTab categoryColor had Emote and HitReact sharing STATUS_WARNING — every category needs a unique color for the stacked memory bar to be readable
[09:41:04] GUIDE — Phase 23: Animation State Graph Scaling (Part 2)
[09:41:04] ✓ COMPLETED — ui-animation-scaling-b
[09:41:04] PROGRESS — 84/197 (43%)
[09:41:04] EXECUTING — ui-bestiary-scaling-a (iter 1)
[09:41:18] LEARNED — SpellbookAbility needs [key: string]: unknown index signature to satisfy SelectorItem constraint for ScalableSelector generic; ScalableSelector groupBy works with single field — for category→element hierarchy, group by category and show element as badge in renderItem; EXPANDED_EFFECTS grouped rendering uses Map<EffectDurationType, entries[]> for clean swim-lane display within pages; Tag tree search uses recursive filterTree() that preserves parent nodes when children match — forceOpen prop bypasses local collapse state
[09:41:18] GUIDE — Phase 24: Ability Spellbook Scaling (Part 1)
[09:41:18] ✓ COMPLETED — ui-gas-scaling-a
[09:41:18] PROGRESS — 87/197 (44%)
[09:41:18] EXECUTING — ui-gas-scaling-b (iter 1)
[09:43:59] VERIFYING — ui-combat-scaling-a
[09:44:49] LEARNED — data.ts re-exports data-metrics.ts via `export * from './data-metrics'` — avoid importing the same symbol from both files; HeatmapGrid lowColor/highColor props use raw hex which triggers lint warnings — these pre-existed and have no chart-colors semantic token; WEAPONS array with 44 entries and COMBO_SEQUENCES with 32 entries provide sufficient scale for 100+ item testing when combined with ScalableSelector grouping
[09:44:49] GUIDE — Phase 25: Combat Action Map Scaling (Part 1)
[09:44:49] ✓ COMPLETED — ui-combat-scaling-a
[09:44:49] PROGRESS — 90/197 (46%)
[09:44:49] EXECUTING — ui-combat-scaling-b (iter 1)
[09:44:52] VERIFYING — ui-character-scaling-a
[09:45:33] VERIFYING — ui-gas-scaling-b
[09:45:41] LEARNED — SelectableCharacter with [key: string]: unknown index signature satisfies SelectorItem constraint while preserving typed property access — use this pattern for ScalableSelector integration; CHAR_DEFS builder pattern generates both CHARACTER_METADATA and COMPARISON_CHARACTERS from a single source — prevents sync drift between metadata and stat arrays; Original COMPARISON_CHARACTERS had broken 0-100 scale values (Jedi Guardian HP=85 vs maxVal=1500) — always verify stat values against maxVal ranges when expanding data; TIER_LEVELS lookup provides default level/levelMax ranges per tier — avoids repeating level ranges in every character definition; CameraProfileComparison multi-select uses minimum-1 guard pattern (same as character toggle) to prevent empty state
[09:45:41] GUIDE — Phase 26: Character Blueprint Scaling (Part 1)
[09:45:41] ✓ COMPLETED — ui-character-scaling-a
[09:45:41] PROGRESS — 93/197 (47%)
[09:45:41] EXECUTING — ui-character-scaling-b (iter 1)
[09:46:24] LEARNED — COMBO_ABILITIES had 7 hardcoded hex colors (#60a5fa, #a78bfa, #22c55e, #f59e0b, #06b6d4, #e879f9, #7f1d1d) — mapped to STATUS_INFO, ACCENT_VIOLET, ACCENT_GREEN, STATUS_WARNING, ACCENT_CYAN, ACCENT_PINK, HEATMAP_STEP_1 respectively; Recursive utility functions like countTags should never be called multiple times in JSX — memoize the result once and reuse; When EXPANDED_EFFECTS is static, per-type counts can be precomputed in a useMemo with empty deps to avoid refiltering on each render
[09:46:24] GUIDE — Phase 27: Ability Spellbook Scaling (Part 2)
[09:46:24] ✓ COMPLETED — ui-gas-scaling-b
[09:46:24] PROGRESS — 96/197 (49%)
[09:46:24] EXECUTING — ui-items-scaling-a (iter 1)
[09:48:24] VERIFYING — ui-combat-scaling-b
[09:49:13] LEARNED — Self-healing: attempting to fix 6 gate errors for ui-combat-scaling-b
[09:49:20] LEARNED — SVG viewBox height must account for all dynamically-positioned elements — SEQ_EVENTS.length * spacing + offset determines required height; Legacy type aliases (KotorWeapon/KOTOR_MELEE_WEAPONS) add indirection without benefit — direct references to Weapon/WEAPONS are clearer; optgroup in select dropdowns and category-grouped grids with sticky headers significantly improve weapon browsability at 44+ items
[09:49:20] ✗ FAILED — ui-combat-scaling-b: Features: 3/3 (need 90%). Gates: 1 required failures
[09:49:20] PROGRESS — 99/197 (50%)
[09:49:20] EXECUTING — ui-combat-scaling-b (iter 1)
[09:49:30] VERIFYING — ui-character-scaling-b
[09:50:18] LEARNED — Self-healing: attempting to fix 5 gate errors for ui-character-scaling-b
[09:50:26] LEARNED — AbilityQuickPicker used hardcoded Tailwind emerald-500 classes — replaced with chart-colors ACCENT_EMERALD tokens via inline style to satisfy lint rules; RMB was displayed as 'Unbound' in KeyboardVisualization mouse widget despite data.ts having Heavy Attack bound to RMB — must keep mouse widget in sync with INPUT_BINDINGS; PropertiesMetric searched c.name==='Player' but actual name is 'AARPGPlayerCharacter' (id:'player') — worked by coincidence since player is COMPARISON_CHARACTERS[0]; fixed to use id lookup
[09:50:26] ✗ FAILED — ui-character-scaling-b: Features: 3/3 (need 90%). Gates: 1 required failures
[09:50:26] PROGRESS — 102/197 (52%)
[09:50:26] EXECUTING — ui-character-scaling-b (iter 1)
[09:53:15] VERIFYING — ui-character-scaling-b
[09:54:06] VERIFYING — ui-combat-scaling-b
[09:54:10] LEARNED — Self-healing: attempting to fix 4 gate errors for ui-character-scaling-b
[09:54:18] LEARNED — CameraProfileComparison peak computation was duplicated — .reduce() called twice in JSX for axis and value. Extract to local variable before JSX to avoid redundant array traversal.
[09:54:18] ✗ FAILED — ui-character-scaling-b: Features: 3/3 (need 90%). Gates: 1 required failures
[09:54:18] PROGRESS — 102/197 (52%)
[09:54:18] EXECUTING — ui-character-scaling-b (iter 1)
[09:54:56] LEARNED — Self-healing: attempting to fix 5 gate errors for ui-combat-scaling-b
[09:55:54] LEARNED — Self-heal SUCCEEDED for ui-combat-scaling-b
[09:55:54] LEARNED — computeDps returning full breakdown object (effectiveDamage, effectiveSpeed, effectiveCrit, dps) eliminates need for duplicate inline computation — single source of truth for both detail display and comparison list; CON stat slider was wired to state but never consumed by DPS formula — dead state variables add React reconciliation overhead for zero user value; 44-item DPS comparison list needs max-h + overflow-y-auto to prevent unbounded panel growth — scroll containers are essential when data scale exceeds ~15 visible rows
[09:55:54] GUIDE — Phase 28: Combat Action Map Scaling (Part 2)
[09:55:54] ✓ COMPLETED — ui-combat-scaling-b
[09:55:54] PROGRESS — 102/197 (52%)
[09:55:54] EXECUTING — ui-loot-scaling-a (iter 1)
[09:59:55] VERIFYING — ui-character-scaling-b
[10:00:51] LEARNED — Self-healing: attempting to fix 5 gate errors for ui-character-scaling-b
[10:01:01] LEARNED — 17 of 51 hardcoded hex colors in CHAR_DEFS had exact chart-colors constant matches — replaced to reduce lint warnings from 51 to 34. Remaining 34 are entity identity colors with no semantic equivalent, correctly left as hardcoded hex per established pattern.
[10:01:01] ✗ FAILED — ui-character-scaling-b: Features: 3/3 (need 90%). Gates: 1 required failures
[10:01:01] ✓ COMPLETED — ui-character-scaling-b
[10:01:01] LEARNED — Area ui-character-scaling-b promoted after 3 retries — dependents unblocked
[10:01:01] PROGRESS — 102/197 (52%)
[10:01:01] EXECUTING — ui-character-flow (iter 1)
[10:01:40] VERIFYING — ui-bestiary-scaling-a
[10:02:31] LEARNED — Self-healing: attempting to fix 6 gate errors for ui-bestiary-scaling-a
[10:02:40] LEARNED — React 19 ESLint immutability rule prevents mutating useMemo results — use state-based previous value comparison pattern (const [prev, setPrev] = useState(val); if (prev !== val) { setPrev(val); setPage(0); }); Compact builder pattern (interface + factory function) dramatically reduces per-entity boilerplate when adding 80+ data entries — 5 lines per enemy vs 15+; BT tree list layout with collapsible nodes scales better than SVG flowchart for 50+ nodes — eliminates coordinate computation and SVG overflow issues; Virtual scroll with absolute positioning for wave editor: WAVE_ROW_H * index gives stable positions, overscan prevents visible gaps during fast scroll; When expanding EnemyRole union type, all useState<narrowType> declarations need widening to match — TypeScript correctly catches the mismatch at prop boundaries
[10:02:40] ✗ FAILED — ui-bestiary-scaling-a: Features: 4/4 (need 90%). Gates: 1 required failures
[10:02:40] PROGRESS — 106/197 (54%)
[10:02:40] EXECUTING — ui-bestiary-scaling-a (iter 1)
[10:03:55] VERIFYING — ui-character-flow
[10:04:57] LEARNED — Self-healing: attempting to fix 47 gate errors for ui-character-flow
[10:05:06] LEARNED — SUBTABS already had the correct tab order — the redesign only needed narrative metadata and UI chrome additions; BlueprintSubtabDef interface export enables other consumers to read narrative/subtitle metadata without coupling to internal state; withOpacity with hex string '99' gives a clean 60% alpha for past-step breadcrumb coloring
[10:05:06] ✗ FAILED — ui-character-flow: Features: 1/4 (need 90%). Gates: 1 required failures
[10:05:06] PROGRESS — 107/197 (54%)
[10:05:06] EXECUTING — ui-character-flow (iter 1)
[10:05:16] VERIFYING — ui-items-scaling-a
[10:06:07] LEARNED — Self-healing: attempting to fix 7 gate errors for ui-items-scaling-a
[10:07:06] LEARNED — Self-heal SUCCEEDED for ui-items-scaling-a
[10:07:06] LEARNED — Builder pattern with compact tuple definitions [name, subtype, rarity, desc, effect?] + stat generators per type keeps 116 items under 250 lines; import type from circular module works cleanly — TypeScript erases type imports at compile time so no runtime circular dependency; ringColor is not a valid CSS property — use boxShadow: '0 0 0 1px color' for ring-like selection effect in inline styles; ScalableSelector requires SelectorItem with [key: string]: unknown — use intersection type (ItemData & { [key: string]: unknown }) for casting; SLOT_SUBTYPES mapping enables both slot-filtered item picking (loadout) and dynamic subtype filter dropdown (catalog) from a single source of truth
[10:07:06] GUIDE — Phase 29: Item Catalog Scaling (Part 1)
[10:07:06] ✓ COMPLETED — ui-items-scaling-a
[10:07:06] PROGRESS — 110/197 (56%)
[10:07:06] EXECUTING — ui-items-scaling-b (iter 1)
[10:07:20] VERIFYING — ui-character-flow
[10:08:19] LEARNED — getActiveSubtitle was called twice in JSX render — extract to local variable or IIFE to avoid redundant function call
[10:08:19] ✗ FAILED — ui-character-flow: Features: 3/4 (need 90%). Gates: 0 required failures
[10:08:19] PROGRESS — 112/197 (57%)
[10:08:19] EXECUTING — ui-character-flow (iter 1)
[10:08:30] VERIFYING — ui-loot-scaling-a
[10:09:21] LEARNED — LootEditorEntryExpanded with [key: string]: unknown index signature causes Omit<> to lose typed property access — use a separate interface for raw entries to preserve type narrowing; CSS ringColor is not a valid React style property — use outline: '1px solid color' instead for selection indicators; RARITY_COLOR_MAP defined after EXPANDED_ENTRIES causes forward reference issues — define a local RARITY_TO_COLOR map before the entries array; ScalableSelector requires SelectorItem with id:string — AffixDef and enemy binding wrapper types both need explicit id fields
[10:09:21] GUIDE — Phase 30: Loot Table Visualizer Scaling (Part 1)
[10:09:21] ✓ COMPLETED — ui-loot-scaling-a
[10:09:21] PROGRESS — 115/197 (58%)
[10:09:21] EXECUTING — ui-loot-scaling-b (iter 1)
[10:09:52] VERIFYING — ui-character-flow
[10:10:21] VERIFYING — ui-bestiary-scaling-a
[10:10:49] LEARNED — Character Blueprint flow redesign was already fully implemented with high quality across all 4 features — no modifications needed
[10:10:49] GUIDE — Phase 31: Character Blueprint Flow Redesign
[10:10:49] ✓ COMPLETED — ui-character-flow
[10:10:49] PROGRESS — 116/197 (59%)
[10:10:49] EXECUTING — ui-animation-flow (iter 1)
[10:11:19] LEARNED — RADAR_DATA only covered 4 of 94 archetypes — stat-based radar derivation with role-specific range/aggression defaults fills the gap for expanded enemies; Initializing radar overlays for all 94 archetypes renders an unreadable mess — default to player-only and let users toggle specific enemies; RadarComparison overlay list needs search + scroll + show-more pattern to scale beyond ~10 items; TacticsMap player marker used hardcoded #3b82f6 which is MODULE_COLORS.core; ArchetypeBuilder preview had rgba(168,85,247,...) inline — maps to ACCENT_PURPLE_BOLD with opacity helpers
[10:11:19] GUIDE — Phase 32: Enemy Bestiary Scaling (Part 1)
[10:11:19] ✓ COMPLETED — ui-bestiary-scaling-a
[10:11:19] PROGRESS — 116/197 (59%)
[10:11:19] EXECUTING — ui-bestiary-scaling-b (iter 1)
[10:12:37] VERIFYING — ui-items-scaling-b
[10:13:01] VERIFYING — ui-loot-scaling-b
[10:13:33] LEARNED — All 7 Item Catalog metrics were already fully implemented with correct data derivation, module-scope computation, chart-colors usage, overflow-safe bar chart, and consistent styling — no modifications needed in Part 2; StatsMetric subsampling pattern: when item count exceeds SVG pixel width, subsample sorted array to max W/2 entries using evenly-spaced index picks to preserve distribution shape; optgroup in select dropdowns significantly improves item browsability at 134+ items — group by item type (Weapon/Armor/Accessory/Consumable/Quest/Material); ITEM_METADATA tags should include rarity and type as lowercase tags alongside subtype for consistent cross-domain filterability
[10:13:33] GUIDE — Phase 33: Item Catalog Scaling (Part 2)
[10:13:33] ✓ COMPLETED — ui-items-scaling-b
[10:13:33] PROGRESS — 119/197 (60%)
[10:13:33] EXECUTING — ui-gas-flow (iter 1)
[10:13:43] VERIFYING — ui-animation-flow
[10:13:59] LEARNED — Self-healing: attempting to fix 4 gate errors for ui-loot-scaling-b
[10:14:44] LEARNED — AnimationStateGraph tab order was already correct — only needed narrative metadata and UI chrome additions; AnimSubtabDef interface export enables other consumers to read narrative/subtitle metadata without coupling to internal state
[10:14:44] ✗ FAILED — ui-animation-flow: Features: 1/3 (need 90%). Gates: 0 required failures
[10:14:44] PROGRESS — 120/197 (61%)
[10:14:44] EXECUTING — ui-animation-flow (iter 1)
[10:15:07] LEARNED — Self-heal SUCCEEDED for ui-loot-scaling-b
[10:15:07] LEARNED — MonteCarloSim.sort() mutated state array directly — always use [...arr].sort() or .toSorted() when working with state-derived arrays; DropSimulator groupBy used 'archetypeId as never' type cast — derive meaningful tier (Minion/Standard/Elite/Boss) from dropChance ranges for proper ScalableSelector grouping; WorldItemPreview had useMemo-wrapped Map that duplicated module-scope constant — static data should be computed at module scope, not inside components; TREEMAP_DATA.find() called 3 times for same treemapDrill value in JSX — extract to local variable via IIFE inside JSX to avoid redundant array traversal
[10:15:07] GUIDE — Phase 34: Loot Table Visualizer Scaling (Part 2)
[10:15:07] ✓ COMPLETED — ui-loot-scaling-b
[10:15:07] PROGRESS — 123/197 (62%)
[10:15:07] EXECUTING — ui-combat-flow (iter 1)
[10:15:32] VERIFYING — ui-bestiary-scaling-b
[10:16:22] LEARNED — Self-healing: attempting to fix 5 gate errors for ui-bestiary-scaling-b
[10:17:23] LEARNED — Self-heal SUCCEEDED for ui-bestiary-scaling-b
[10:17:23] LEARNED — WavesMetric was importing WAVE_TIMELINE (3 legacy waves) instead of EXPANDED_WAVES (24 waves) — metric showed stale counts that didn't match the actual EncountersTab data; SpawnFormationViz accepted no formation prop despite EncountersTab maintaining formation state — dead state variables create user confusion when controls appear to do nothing; Layout computation for Line/Ambush formations uses simple spacing arithmetic — no need for complex physics or force-directed layout for 6 spawn points
[10:17:23] GUIDE — Phase 35: Enemy Bestiary Scaling (Part 2)
[10:17:23] ✓ COMPLETED — ui-bestiary-scaling-b
[10:17:23] PROGRESS — 126/197 (64%)
[10:17:23] EXECUTING — ui-bestiary-flow (iter 1)
[10:17:33] VERIFYING — ui-gas-flow
[10:17:58] VERIFYING — ui-animation-flow
[10:18:04] VERIFYING — ui-combat-flow
[10:18:26] LEARNED — SUBTABS already had the correct tab order — the redesign only needed narrative metadata and UI chrome additions; SpellbookSubtabDef interface export enables other consumers to read narrative/subtitle metadata without coupling to internal state; withOpacity with hex string '99' gives a clean 60% alpha for past-step breadcrumb coloring
[10:18:26] ✗ FAILED — ui-gas-flow: Features: 2/3 (need 90%). Gates: 0 required failures
[10:18:26] PROGRESS — 128/197 (65%)
[10:18:26] EXECUTING — ui-gas-flow (iter 1)
[10:19:00] LEARNED — All 3 Animation State Graph flow features (tab order, subtitles, breadcrumb) were already fully implemented with high quality — only needed minor cleanup; StateGroupBrowser cancel badge and StateDurationPanel outlier label used hardcoded Tailwind amber classes — replaced with STATUS_WARNING chart-colors tokens via inline style; ComboTimelinePanel tab selector buttons and RetargetingTab pipeline step buttons were missing cursor-pointer class; RetargetingTab had unused NeonBar import and ResponsivenessAnalyzer had unused warnings variable
[10:19:00] GUIDE — Phase 36: Animation State Graph Flow Redesign
[10:19:00] ✓ COMPLETED — ui-animation-flow
[10:19:00] PROGRESS — 130/197 (66%)
[10:19:00] EXECUTING — ui-items-flow (iter 1)
[10:19:09] LEARNED — CombatActionMap tab order was already close — only needed metrics↔feedback swap to match Pipeline→Hit Detection→Measure Balance→Polish Feel narrative; CombatSubtabDef interface export enables other consumers to read narrative/subtitle metadata without coupling to internal state
[10:19:09] ✗ FAILED — ui-combat-flow: Features: 1/3 (need 90%). Gates: 0 required failures
[10:19:09] PROGRESS — 131/197 (66%)
[10:19:09] EXECUTING — ui-combat-flow (iter 1)
[10:19:54] VERIFYING — ui-bestiary-flow
[10:20:25] VERIFYING — ui-gas-flow
[10:20:46] LEARNED — BESTIARY_SUBTABS already had the correct tab order — the redesign only needed narrative metadata and UI chrome additions; BestiarySubtabDef interface export enables other consumers to read narrative/subtitle metadata without coupling to internal state
[10:20:46] ✗ FAILED — ui-bestiary-flow: Features: 1/3 (need 90%). Gates: 0 required failures
[10:20:46] PROGRESS — 132/197 (67%)
[10:20:46] EXECUTING — ui-bestiary-flow (iter 1)
[10:21:23] LEARNED — ringColor is not a valid CSS property — both AbilitiesSection ScalableSelector renderItem and LoadoutSection slot cards had ringColor in inline styles doing nothing; replaced with outline: '1px solid color'
[10:21:23] GUIDE — Phase 37: Ability Spellbook Flow Redesign
[10:21:23] ✓ COMPLETED — ui-gas-flow
[10:21:23] PROGRESS — 133/197 (68%)
[10:21:23] EXECUTING — ui-loot-flow (iter 1)
[10:21:38] VERIFYING — ui-items-flow
[10:21:58] VERIFYING — ui-combat-flow
[10:22:28] LEARNED — Item Catalog tab order was already correct — the redesign only needed narrative metadata and UI chrome additions; ItemCatalogSubtabDef interface export enables other consumers to read narrative/subtitle metadata without coupling to internal state
[10:22:28] GUIDE — Phase 38: Item Catalog Flow Redesign
[10:22:28] ✓ COMPLETED — ui-items-flow
[10:22:28] PROGRESS — 136/197 (69%)
[10:22:28] EXECUTING — ui-character-visual-a (iter 1)
[10:22:54] LEARNED — LaneSection quality score badge used hardcoded Tailwind emerald-400 classes — replaced with ACCENT_EMERALD chart-colors tokens via inline style; FeedbackTab preset buttons and LaneSection expand buttons were missing cursor-pointer class; StatInfluencePanel weapon selector had flat 44-item list without optgroup — added category grouping to match HitsTab pattern
[10:22:54] GUIDE — Phase 39: Combat Action Map Flow Redesign
[10:22:54] ✓ COMPLETED — ui-combat-flow
[10:22:54] PROGRESS — 138/197 (70%)
[10:22:54] EXECUTING — ui-animation-visual (iter 1)
[10:24:33] VERIFYING — ui-loot-flow
[10:25:22] LEARNED — Self-healing: attempting to fix 11 gate errors for ui-loot-flow
[10:25:31] LEARNED — LOOT_SUBTABS already had the correct tab order — the redesign only needed narrative metadata and UI chrome additions; LootSubtabDef interface export enables other consumers to read narrative/subtitle metadata without coupling to internal state
[10:25:31] ✗ FAILED — ui-loot-flow: Features: 1/3 (need 90%). Gates: 1 required failures
[10:25:31] PROGRESS — 139/197 (71%)
[10:25:31] EXECUTING — ui-loot-flow (iter 1)
[10:26:57] VERIFYING — ui-bestiary-flow
[10:27:32] VERIFYING — ui-loot-flow
[10:27:47] LEARNED — BTFlowchart selected node had duplicate style attributes (paddingLeft + selection highlight) — must merge into single style object; EncountersTab tierColor returned Tailwind classes but inline style={{ color }} is needed for chart-colors tokens — function must return color values not class names; DecisionDebugger had 6 separate hardcoded amber/blue/emerald Tailwind patterns across filter buttons, entry borders, and type badges — all mapped to STATUS_WARNING/STATUS_INFO/STATUS_SUCCESS; ArchetypeBuilder preview card had border-purple-500/30 and bg-purple-500/10 — replaced with withOpacity(ACCENT_PURPLE_BOLD, ...) tokens
[10:27:47] ✗ FAILED — ui-bestiary-flow: Features: 2/3 (need 90%). Gates: 0 required failures
[10:27:47] PROGRESS — 140/197 (71%)
[10:27:47] EXECUTING — ui-bestiary-flow (iter 1)
[10:28:29] LEARNED — COLORBLIND_MAP hex colors are accessibility-specific with no semantic token equivalent — use eslint-disable block rather than next-line for multi-value object literals; RARITY_OPTIONS const was only used as a type — replaced with direct type expression to eliminate unused variable warning
[10:28:29] ✗ FAILED — ui-loot-flow: Features: 2/3 (need 90%). Gates: 0 required failures
[10:28:29] PROGRESS — 141/197 (72%)
[10:28:29] EXECUTING — ui-loot-flow (iter 1)
[10:29:42] VERIFYING — ui-character-visual-a
[10:30:32] LEARNED — PropertyInspector collapsible categories need search bypass — when user is searching, collapse state should be ignored to show all matching results; SVG state machine with edgeEndpoints() helper using atan2 for ellipse surface intersection gives clean arrow start/end points without overlap on nodes; Parallel edge offset using normal vector (nx=-dy/len*5, ny=dx/len*5) prevents bidirectional arrows from overlapping; ViewportMockup FOV cone uses camera profile data values directly — distance controls arm length, responsiveness controls lag zone radius inversely; HitboxWireframeViewer hover requires syncing both SVG shapes and toggle buttons via shared hoveredZone state for consistent UX
[10:30:32] ✗ FAILED — ui-character-visual-a: Features: 1/3 (need 90%). Gates: 0 required failures
[10:30:32] PROGRESS — 142/197 (72%)
[10:30:32] EXECUTING — ui-character-visual-a (iter 1)
[10:31:36] VERIFYING — ui-bestiary-flow
[10:32:28] LEARNED — Tailwind accent-purple-500 and accent-blue-500 classes for form controls should use inline style={{ accentColor: TOKEN }} to satisfy chart-colors lint rules; BTFlowchart had dead props (nodes/edges) in interface that were never consumed — component uses BT_TREE from data module directly; SpawnFormationViz cx variable was declared but only cy was used in Line formation layout — dead variable elimination; Single-item grid wrappers with xl:grid-cols-2 create empty columns — remove grid wrapper when only one child
[10:32:28] GUIDE — Phase 40: Enemy Bestiary Flow Redesign
[10:32:28] ✓ COMPLETED — ui-bestiary-flow
[10:32:28] PROGRESS — 143/197 (73%)
[10:32:28] EXECUTING — ui-gas-visual-a (iter 1)
[10:33:51] VERIFYING — ui-loot-flow
[10:34:06] VERIFYING — ui-animation-visual
[10:34:26] VERIFYING — ui-character-visual-a
[10:34:47] LEARNED — focus:ring-current/50 is already used in _shared.tsx — valid pattern for replacing hardcoded focus:ring-orange-500/50 across all input elements; accent-cyan-500/accent-blue-500/accent-orange-500 on range inputs are native browser accent utilities, not hex color violations — common pattern across project; LootFilters duplicate enemyMap is necessary to avoid circular dependency with index.tsx which imports LootFilters
[10:34:47] GUIDE — Phase 41: Loot Table Flow Redesign
[10:34:47] ✓ COMPLETED — ui-loot-flow
[10:34:47] PROGRESS — 144/197 (73%)
[10:34:47] EXECUTING — ui-combat-visual-a (iter 1)
[10:35:09] LEARNED — Group-level SVG graph (6 nodes) is more readable than full 31-state graph — individual states remain browsable in the collapsible list below; rectEdgePoint() using min(hw/abs(dx), hh/abs(dy)) scaling cleanly computes arrow endpoints on rounded rect edges; SVG animate inside conditional {hl && <animate>} triggers only on hover — no continuous animation cost when idle; repeating-linear-gradient(45deg) at 2px/4px intervals gives clean hatching without SVG pattern defs; BLEND_TRIANGLE precomputed at module scope from sorted distance — avoids useMemo for static data
[10:35:09] GUIDE — Phase 42: Animation State Graph Visual Polish
[10:35:09] ✓ COMPLETED — ui-animation-visual
[10:35:09] PROGRESS — 148/197 (75%)
[10:35:09] EXECUTING — ui-bestiary-visual (iter 1)
[10:35:32] LEARNED — Character Blueprint visual polish was already fully implemented with high quality across all 6 features — only needed minor cleanup (1 missing cursor-pointer, 5 redundant template literals)
[10:35:32] GUIDE — Phase 43: Character Blueprint Visual Polish (Part 1)
[10:35:32] ✓ COMPLETED — ui-character-visual-a
[10:35:32] PROGRESS — 150/197 (76%)
[10:35:32] EXECUTING — ui-character-visual-b (iter 1)
[10:36:51] VERIFYING — ui-gas-visual-a
[10:37:39] LEARNED — AbilitiesSection had 8 hardcoded Tailwind purple/green/amber classes across 3 glow background divs, 2 icon colors, 1 background color, and 2 status text spans — all mapped to ACCENT_PURPLE_BOLD, ACCENT_GREEN, and STATUS_WARNING; TagAuditSection blocking tags used hardcoded bg-red-500/10 text-red-400 border-red-500/20 — replaced with ACCENT_RED tokens via inline style; Ability pills enhanced from flat text buttons to rich cards: icon circle with first-letter initial, element color dot, cooldown badge, and mini cost bar — uses grid layout instead of flex-wrap for consistent card sizing
[10:37:39] GUIDE — Phase 44: Ability Spellbook Visual Polish (Part 1)
[10:37:39] ✓ COMPLETED — ui-gas-visual-a
[10:37:39] PROGRESS — 153/197 (78%)
[10:37:39] EXECUTING — ui-gas-visual-b (iter 1)
[10:38:40] VERIFYING — ui-character-visual-b
[10:39:28] LEARNED — setInterval-driven scan line at 30ms causes ~33 React state updates/sec — replace with framer-motion animate prop on a wrapping <g> element to push animation to the compositor thread; Raw opacity string '04' should use OPACITY_4 chart-colors constant for consistency; buildConflicts() called on every render when overrides exist — wrap in useMemo with [overrides] dependency
[10:39:28] ✗ FAILED — ui-character-visual-b: Features: 2/3 (need 90%). Gates: 0 required failures
[10:39:28] PROGRESS — 155/197 (79%)
[10:39:28] EXECUTING — ui-character-visual-b (iter 1)
[10:41:30] VERIFYING — ui-bestiary-visual
[10:41:50] VERIFYING — ui-character-visual-b
[10:42:27] LEARNED — TIER_GLOW_COLORS map (minion=neutral, standard=info, elite=purple, boss=orange, raid-boss=warning) provides tier-level visual identity without conflicting with per-archetype identity colors; STAT_AVERAGES precomputed at module scope from ARCHETYPES avoids per-render computation — different archetypes use different stat labels (HP/ATK/DEF/SPD/INT vs HP/Damage/Speed/Range) so averages are label-scoped; SpawnPoint role/color fields are optional to maintain backward compatibility — SpawnFormationViz falls back to accent prop when color is undefined; Role legend uses reduce to deduplicate by role before rendering — avoids showing duplicate melee entries from 2 melee spawn points
[10:42:27] GUIDE — Phase 45: Enemy Bestiary Visual Polish
[10:42:27] ✓ COMPLETED — ui-bestiary-visual
[10:42:27] PROGRESS — 159/197 (81%)
[10:42:27] EXECUTING — ui-items-visual-a (iter 1)
[10:42:54] LEARNED — All 6 Character Blueprint visual features were already fully implemented with high quality — only HitboxWireframeViewer had a raw opacity string '04' that needed replacement with OPACITY_4 constant
[10:42:54] GUIDE — Phase 46: Character Blueprint Visual Polish (Part 2)
[10:42:54] ✓ COMPLETED — ui-character-visual-b
[10:42:54] PROGRESS — 160/197 (81%)
[10:42:54] EXECUTING — ui-loot-visual-a (iter 1)
[10:42:56] VERIFYING — ui-gas-visual-b
[10:43:43] LEARNED — SVG node drag uses DOMPoint.matrixTransform(ctm.inverse()) for screen-to-viewBox coordinate conversion — cleaner than deprecated createSVGPoint(); During drag, suppress onMouseEnter on other nodes to prevent hover state flickering — check draggedNode before setting hoveredNode; CORE_ATTRIBUTES.map().includes() per node per render creates O(n*m) allocations — precompute as Set in useMemo for O(1) lookups; Split useMemo into defaultPositions + customPositions merge to support drag while keeping static circular layout as fallback
[10:43:43] GUIDE — Phase 47: Ability Spellbook Visual Polish (Part 2)
[10:43:43] ✓ COMPLETED — ui-gas-visual-b
[10:43:43] PROGRESS — 162/197 (82%)
[10:49:03] VERIFYING — ui-combat-visual-a
[10:49:52] LEARNED — SankeyNode.color and SankeyLink.color are optional in the type definitions — always provide fallback when mapping to required-color interfaces; Pre-computing Sankey flow band paths at module scope with IIFE avoids impure computation during React render while keeping static data efficient; Activation box computation from UML sequence events: track active state per lane, close when lane sends to another, open when lane receives; FeedbackParam category grouping with FEEDBACK_CATEGORIES const enables clean filter-based rendering without restructuring the flat array
[10:49:52] GUIDE — Phase 48: Combat Action Map Visual Polish (Part 1)
[10:49:52] ✓ COMPLETED — ui-combat-visual-a
[10:49:52] PROGRESS — 165/197 (84%)
[10:49:52] EXECUTING — ui-combat-visual-b (iter 1)
[10:52:44] VERIFYING — ui-loot-visual-a
[10:52:52] VERIFYING — ui-items-visual-a
[10:53:22] VERIFYING — ui-combat-visual-b
[10:53:38] LEARNED — SVG donut chart segments use strokeDasharray/strokeDashoffset on circles — each segment is a separate circle with its own dash length and offset, rotated -90° to start at top; 270° arc gauge uses GCIRC * (270/360) for track length and START_ANGLE=135° to center the gap at bottom — threshold marker computed via arcPoint trig function; Monte Carlo histogram bins computed with Math.min(10, Math.ceil(sqrt(N))) for reasonable bin count — distribution curve is a polyline through bin centers; Stddev band rendered as a semi-transparent rect behind histogram bars, mean as dashed line with μ= label, median as white dashed line — standard statistical visualization pattern; EconomyImpact LiveMetricGauge inflation risk was replaced by Items/Hour and Rarity Distribution KPIs — more actionable metrics for game designers
[10:53:38] ✗ FAILED — ui-loot-visual-a: Features: 1/3 (need 90%). Gates: 0 required failures
[10:53:38] PROGRESS — 166/197 (84%)
[10:53:38] EXECUTING — ui-loot-visual-a (iter 1)
[10:53:53] LEARNED — ITEM_SET_MAP pre-computed from ITEM_SETS enables O(1) set membership lookup for TradingCard set indicators — avoids per-card array search; Sankey link paths use cubic Bezier with bidirectional thickness (srcH/dstH) for proportional flow visualization — path closes as a polygon not a stroke; Sankey node offset tracking requires separate srcOffsets and dstOffsets maps to stack links vertically within each node's height; allLevels derived from lines[0]?.points triggers React hook dep warnings in useCallback — wrap in useMemo with [lines] dep; computePower formula includes affix count * 10 bonus to reflect that affixed items have more total power than raw stat sums suggest; SVG hover tooltip positioning uses midAngle/midR from arc computation for AffixSunburst — reuses existing geometry calculations
[10:53:53] GUIDE — Phase 49: Item Catalog Visual Polish (Part 1)
[10:53:53] ✓ COMPLETED — ui-items-visual-a
[10:53:53] PROGRESS — 169/197 (86%)
[10:53:53] EXECUTING — ui-items-visual-b (iter 1)
[10:54:26] LEARNED — All 5 Combat Action Map visual features were already fully implemented with high quality — only needed cleanup of 6 redundant template literal wrappers around withOpacity() calls and removal of unused arrows prop from LaneSection interface
[10:54:26] GUIDE — Phase 50: Combat Action Map Visual Polish (Part 2)
[10:54:26] ✓ COMPLETED — ui-combat-visual-b
[10:54:26] PROGRESS — 171/197 (87%)
[10:56:14] VERIFYING — ui-loot-visual-a
[10:57:04] LEARNED — All 6 Loot Table Visualizer visual features were already fully implemented with correct data derivation, module-scope computation, chart-colors usage, and consistent styling — only PityTimerSection had a hardcoded rgba(255,255,255,0.06) track stroke that needed replacement with withOpacity('#ffffff', OPACITY_6)
[10:57:04] ✗ FAILED — ui-loot-visual-a: Features: 1/3 (need 90%). Gates: 0 required failures
[10:57:04] PROGRESS — 171/197 (87%)
[10:57:04] EXECUTING — ui-loot-visual-a (iter 1)
[10:59:42] VERIFYING — ui-items-visual-b
[11:00:13] VERIFYING — ui-loot-visual-a
[11:00:33] LEARNED — All 5 Item Catalog visual features were already fully implemented with high quality — only needed cleanup fixes; AffixSlotPanels had inconsistent opacity pattern using direct hex+opacity concat instead of withOpacity() helper; MechanicsScalingTab had import statement placed between code blocks instead of at top with other imports; describeArc pure function inside AffixSunburst component was recreated every render — module-scope eliminates allocation; GearSections IIFE stat computation in JSX should be a separate memoized component for cleaner rendering
[11:00:33] GUIDE — Phase 51: Item Catalog Visual Polish (Part 2)
[11:00:33] ✓ COMPLETED — ui-items-visual-b
[11:00:33] PROGRESS — 173/197 (88%)
[11:01:08] LEARNED — All 6 Loot Table Visualizer visual features were already fully implemented with correct data derivation, module-scope computation, chart-colors usage, and consistent styling — only DropTreemap and WeightDistribution had redundant .find() calls replaceable with pre-computed Map lookups
[11:01:08] ✗ FAILED — ui-loot-visual-a: Features: 1/3 (need 90%). Gates: 0 required failures
[11:01:08] ✓ COMPLETED — ui-loot-visual-a
[11:01:08] LEARNED — Area ui-loot-visual-a promoted after 3 retries — dependents unblocked
[11:01:08] PROGRESS — 173/197 (88%)
[11:01:08] EXECUTING — ui-loot-visual-b (iter 1)
[11:06:08] VERIFYING — ui-loot-visual-b
[11:06:55] LEARNED — All 6 Loot Table Visualizer visual features were already fully implemented with correct data derivation, module-scope computation, chart-colors usage, and consistent styling — only needed withOpacity() consistency fixes across 10 files; PityTimerSection gauge track used hardcoded '#ffffff' instead of OVERLAY_WHITE constant — always use semantic chart-colors tokens for white references; LootFilters rarity buttons were missing cursor-pointer class despite being interactive button elements
[11:06:55] ✗ FAILED — ui-loot-visual-b: Features: 1/3 (need 90%). Gates: 0 required failures
[11:06:55] PROGRESS — 174/197 (88%)
[11:06:55] EXECUTING — ui-loot-visual-b (iter 1)
[11:10:29] VERIFYING — ui-loot-visual-b
[11:11:17] LEARNED — LootTableEditor had 20+ direct hex concat patterns (${COLOR}${OPACITY}) — most of any file in this module, all converted to withOpacity() for consistency; DropSimulator, EnemyLootBinding, EVCalculator, DroughtCalculator each had 2-5 direct hex concat patterns remaining from prior passes; LootFilters and WorldItemPreview had redundant template literal wrappers around withOpacity() calls that returned strings — removed for cleaner code; EnemyLootBinding copy button had mixed patterns: one withOpacity in template literal, one direct concat — unified to withOpacity()
[11:11:17] GUIDE — Phase 52: Loot Table Visual Polish (Part 2)
[11:11:17] ✓ COMPLETED — ui-loot-visual-b
[11:11:17] PROGRESS — 176/197 (89%)
[11:11:17] EXECUTING — ui-style-audit-a (iter 1)
[11:30:08] VERIFYING — ui-style-audit-a
[11:30:56] LEARNED — SaveDataSchema was the worst offender with 50+ hardcoded Tailwind color violations — cyan-300/400/500, amber-400/500, emerald-400 across 12 files; hover:text-red-400 on delete/trash buttons (18 occurrences across 14 files) cannot be converted to inline styles — acceptable as a recognized pattern for destructive action hover; bg-*-500/5 blur-3xl ambient glow decorations (8 occurrences in progression/) have hover variants that prevent inline conversion — acceptable at 5% opacity; STATUS_NEUTRAL (#6b7280) contrast ratio is 3.82:1 against surface — passes AA large text but not normal text. Used only for inactive/disabled state which is acceptable; All 12+ tabbed modules use shared SubTabNavigation with consistent spring animation, gap/padding, and accent-based active state — no structural divergence found; focus:border-blue-500/50 (19 files) vs focus:ring-current/50 (4 files) is a minor inconsistency but serves different purposes (input borders vs button rings)
[11:30:56] GUIDE — Phase 53: Cross-Module Style Audit (Part 1)
[11:30:56] ✓ COMPLETED — ui-style-audit-a
[11:30:56] PROGRESS — 179/197 (91%)

════════════════════════════════════════════════════════════
COMPLETED — 179/197 features passing (91%)
Guide: C:\Users\kazda\kiro\pof\.harness-ui/guide.md
Plan:  C:\Users\kazda\kiro\pof\.harness-ui/game-plan.json
════════════════════════════════════════════════════════════

════════════════════════════════════════════════════════════
COMPLETED — 179/197 features passing (91%)
Guide: C:\Users\kazda\kiro\pof\.harness-ui/guide.md
Plan:  C:\Users\kazda\kiro\pof\.harness-ui/game-plan.json
════════════════════════════════════════════════════════════

Guide generated with 53 steps.
Output: C:\Users\kazda\kiro\pof\.harness-ui/guide.md
